[0.213s] DEBUG:colcon:Command line arguments: ['/usr/bin/colcon', 'build']
[0.213s] DEBUG:colcon:Parsed command line arguments: Namespace(log_base=None, log_level=None, verb_name='build', build_base='build', install_base='install', merge_install=False, symlink_install=False, test_result_base=None, continue_on_error=False, executor='parallel', parallel_workers=22, event_handlers=None, ignore_user_meta=False, metas=['./colcon.meta'], base_paths=['.'], packages_ignore=None, packages_ignore_regex=None, paths=None, packages_up_to=None, packages_up_to_regex=None, packages_above=None, packages_above_and_dependencies=None, packages_above_depth=None, packages_select_by_dep=None, packages_skip_by_dep=None, packages_skip_up_to=None, packages_select_build_failed=False, packages_skip_build_finished=False, packages_select_test_failures=False, packages_skip_test_passed=False, packages_select=None, packages_skip=None, packages_select_regex=None, packages_skip_regex=None, packages_start=None, packages_end=None, allow_overriding=[], cmake_args=None, cmake_target=None, cmake_target_skip_unavailable=False, cmake_clean_cache=False, cmake_clean_first=False, cmake_force_configure=False, ament_cmake_args=None, catkin_cmake_args=None, catkin_skip_building_tests=False, verb_parser=<colcon_defaults.argument_parser.defaults.DefaultArgumentsDecorator object at 0x7fdd4f338760>, verb_extension=<colcon_core.verb.build.BuildVerb object at 0x7fdd4f3381c0>, main=<bound method BuildVerb.main of <colcon_core.verb.build.BuildVerb object at 0x7fdd4f3381c0>>)
[0.595s] Level 1:colcon.colcon_core.package_discovery:discover_packages(colcon_meta) check parameters
[0.595s] Level 1:colcon.colcon_core.package_discovery:discover_packages(recursive) check parameters
[0.596s] Level 1:colcon.colcon_core.package_discovery:discover_packages(ignore) check parameters
[0.596s] Level 1:colcon.colcon_core.package_discovery:discover_packages(path) check parameters
[0.596s] Level 1:colcon.colcon_core.package_discovery:discover_packages(colcon_meta) discover
[0.596s] Level 1:colcon.colcon_core.package_discovery:discover_packages(recursive) discover
[0.596s] INFO:colcon.colcon_core.package_discovery:Crawling recursively for packages in '/home/labelbox/projects/moveit/lbx-Franka-Teach/ros2_moveit_franka'
[0.596s] Level 1:colcon.colcon_core.package_identification:_identify(.) by extensions ['ignore', 'ignore_ament_install']
[0.596s] Level 1:colcon.colcon_core.package_identification:_identify(.) by extension 'ignore'
[0.596s] Level 1:colcon.colcon_core.package_identification:_identify(.) by extension 'ignore_ament_install'
[0.597s] Level 1:colcon.colcon_core.package_identification:_identify(.) by extensions ['colcon_pkg']
[0.597s] Level 1:colcon.colcon_core.package_identification:_identify(.) by extension 'colcon_pkg'
[0.597s] Level 1:colcon.colcon_core.package_identification:_identify(.) by extensions ['colcon_meta']
[0.597s] Level 1:colcon.colcon_core.package_identification:_identify(.) by extension 'colcon_meta'
[0.597s] Level 1:colcon.colcon_core.package_identification:_identify(.) by extensions ['ros']
[0.597s] Level 1:colcon.colcon_core.package_identification:_identify(.) by extension 'ros'
[0.626s] DEBUG:colcon.colcon_core.package_identification:Package '.' with type 'ros.ament_python' and name 'ros2_moveit_franka'
[0.627s] Level 1:colcon.colcon_core.package_discovery:discover_packages(recursive) using defaults
[0.627s] Level 1:colcon.colcon_core.package_discovery:discover_packages(ignore) discover
[0.627s] Level 1:colcon.colcon_core.package_discovery:discover_packages(ignore) using defaults
[0.627s] Level 1:colcon.colcon_core.package_discovery:discover_packages(path) discover
[0.627s] Level 1:colcon.colcon_core.package_discovery:discover_packages(path) using defaults
[0.674s] Level 1:colcon.colcon_core.package_discovery:discover_packages(prefix_path) check parameters
[0.674s] Level 1:colcon.colcon_core.package_discovery:discover_packages(prefix_path) discover
[0.677s] WARNING:colcon.colcon_ros.prefix_path.ament:The path '/home/labelbox/projects/moveit/lbx-Franka-Teach/ros2_moveit_franka/install/ros2_moveit_franka' in the environment variable AMENT_PREFIX_PATH doesn't exist
[0.680s] DEBUG:colcon.colcon_installed_package_information.package_discovery:Found 0 installed packages in /home/labelbox/projects/moveit/lbx-Franka-Teach/ros2_moveit_franka/install
[0.682s] DEBUG:colcon.colcon_installed_package_information.package_discovery:Found 14 installed packages in /home/labelbox/franka_ros2_ws/install
[0.683s] DEBUG:colcon.colcon_installed_package_information.package_discovery:Found 1 installed packages in /home/labelbox/franka_ws/install
[0.686s] DEBUG:colcon.colcon_installed_package_information.package_discovery:Found 377 installed packages in /opt/ros/humble
[0.691s] Level 1:colcon.colcon_core.package_discovery:discover_packages(prefix_path) using defaults
[0.786s] Level 5:colcon.colcon_core.verb:set package 'ros2_moveit_franka' build argument 'cmake_args' from command line to 'None'
[0.786s] Level 5:colcon.colcon_core.verb:set package 'ros2_moveit_franka' build argument 'cmake_target' from command line to 'None'
[0.786s] Level 5:colcon.colcon_core.verb:set package 'ros2_moveit_franka' build argument 'cmake_target_skip_unavailable' from command line to 'False'
[0.786s] Level 5:colcon.colcon_core.verb:set package 'ros2_moveit_franka' build argument 'cmake_clean_cache' from command line to 'False'
[0.786s] Level 5:colcon.colcon_core.verb:set package 'ros2_moveit_franka' build argument 'cmake_clean_first' from command line to 'False'
[0.786s] Level 5:colcon.colcon_core.verb:set package 'ros2_moveit_franka' build argument 'cmake_force_configure' from command line to 'False'
[0.787s] Level 5:colcon.colcon_core.verb:set package 'ros2_moveit_franka' build argument 'ament_cmake_args' from command line to 'None'
[0.787s] Level 5:colcon.colcon_core.verb:set package 'ros2_moveit_franka' build argument 'catkin_cmake_args' from command line to 'None'
[0.787s] Level 5:colcon.colcon_core.verb:set package 'ros2_moveit_franka' build argument 'catkin_skip_building_tests' from command line to 'False'
[0.787s] DEBUG:colcon.colcon_core.verb:Building package 'ros2_moveit_franka' with the following arguments: {'ament_cmake_args': None, 'build_base': '/home/labelbox/projects/moveit/lbx-Franka-Teach/ros2_moveit_franka/build/ros2_moveit_franka', 'catkin_cmake_args': None, 'catkin_skip_building_tests': False, 'cmake_args': None, 'cmake_clean_cache': False, 'cmake_clean_first': False, 'cmake_force_configure': False, 'cmake_target': None, 'cmake_target_skip_unavailable': False, 'install_base': '/home/labelbox/projects/moveit/lbx-Franka-Teach/ros2_moveit_franka/install/ros2_moveit_franka', 'merge_install': False, 'path': '/home/labelbox/projects/moveit/lbx-Franka-Teach/ros2_moveit_franka', 'symlink_install': False, 'test_result_base': None}
[0.787s] INFO:colcon.colcon_core.executor:Executing jobs using 'parallel' executor
[0.789s] DEBUG:colcon.colcon_parallel_executor.executor.parallel:run_until_complete
[0.790s] INFO:colcon.colcon_ros.task.ament_python.build:Building ROS package in '/home/labelbox/projects/moveit/lbx-Franka-Teach/ros2_moveit_franka' with build type 'ament_python'
[0.791s] Level 1:colcon.colcon_core.shell:create_environment_hook('ros2_moveit_franka', 'ament_prefix_path')
[0.795s] INFO:colcon.colcon_core.plugin_system:Skipping extension 'colcon_core.shell.bat': Not used on non-Windows systems
[0.795s] INFO:colcon.colcon_core.shell:Creating environment hook '/home/labelbox/projects/moveit/lbx-Franka-Teach/ros2_moveit_franka/install/ros2_moveit_franka/share/ros2_moveit_franka/hook/ament_prefix_path.ps1'
[0.797s] INFO:colcon.colcon_core.shell:Creating environment descriptor '/home/labelbox/projects/moveit/lbx-Franka-Teach/ros2_moveit_franka/install/ros2_moveit_franka/share/ros2_moveit_franka/hook/ament_prefix_path.dsv'
[0.798s] INFO:colcon.colcon_core.shell:Creating environment hook '/home/labelbox/projects/moveit/lbx-Franka-Teach/ros2_moveit_franka/install/ros2_moveit_franka/share/ros2_moveit_franka/hook/ament_prefix_path.sh'
[0.800s] INFO:colcon.colcon_core.shell:Skip shell extension 'powershell' for command environment: Not usable outside of PowerShell
[0.800s] DEBUG:colcon.colcon_core.shell:Skip shell extension 'dsv' for command environment
[1.089s] INFO:colcon.colcon_core.task.python.build:Building Python package in '/home/labelbox/projects/moveit/lbx-Franka-Teach/ros2_moveit_franka'
[1.089s] INFO:colcon.colcon_core.shell:Skip shell extension 'powershell' for command environment: Not usable outside of PowerShell
[1.089s] DEBUG:colcon.colcon_core.shell:Skip shell extension 'dsv' for command environment
[1.516s] DEBUG:colcon.colcon_core.event_handler.log_command:Invoking command in '/home/labelbox/projects/moveit/lbx-Franka-Teach/ros2_moveit_franka': PYTHONPATH=/home/labelbox/projects/moveit/lbx-Franka-Teach/ros2_moveit_franka/build/ros2_moveit_franka/prefix_override:/usr/lib/python3/dist-packages/colcon_core/task/python/colcon_distutils_commands:/home/labelbox/projects/moveit/lbx-Franka-Teach/ros2_moveit_franka/install/ros2_moveit_franka/lib/python3.10/site-packages:${PYTHONPATH} /usr/bin/python3 -W ignore:setup.py install is deprecated -W ignore:easy_install command is deprecated setup.py egg_info --egg-base build/ros2_moveit_franka build --build-base /home/labelbox/projects/moveit/lbx-Franka-Teach/ros2_moveit_franka/build/ros2_moveit_franka/build install --record /home/labelbox/projects/moveit/lbx-Franka-Teach/ros2_moveit_franka/build/ros2_moveit_franka/install.log --single-version-externally-managed install_data
[1.851s] DEBUG:colcon.colcon_core.event_handler.log_command:Invoked command in '/home/labelbox/projects/moveit/lbx-Franka-Teach/ros2_moveit_franka' returned '0': PYTHONPATH=/home/labelbox/projects/moveit/lbx-Franka-Teach/ros2_moveit_franka/build/ros2_moveit_franka/prefix_override:/usr/lib/python3/dist-packages/colcon_core/task/python/colcon_distutils_commands:/home/labelbox/projects/moveit/lbx-Franka-Teach/ros2_moveit_franka/install/ros2_moveit_franka/lib/python3.10/site-packages:${PYTHONPATH} /usr/bin/python3 -W ignore:setup.py install is deprecated -W ignore:easy_install command is deprecated setup.py egg_info --egg-base build/ros2_moveit_franka build --build-base /home/labelbox/projects/moveit/lbx-Franka-Teach/ros2_moveit_franka/build/ros2_moveit_franka/build install --record /home/labelbox/projects/moveit/lbx-Franka-Teach/ros2_moveit_franka/build/ros2_moveit_franka/install.log --single-version-externally-managed install_data
[1.853s] Level 1:colcon.colcon_core.environment:checking '/home/labelbox/projects/moveit/lbx-Franka-Teach/ros2_moveit_franka/install/ros2_moveit_franka' for CMake module files
[1.853s] Level 1:colcon.colcon_core.environment:checking '/home/labelbox/projects/moveit/lbx-Franka-Teach/ros2_moveit_franka/install/ros2_moveit_franka' for CMake config files
[1.854s] Level 1:colcon.colcon_core.environment:checking '/home/labelbox/projects/moveit/lbx-Franka-Teach/ros2_moveit_franka/install/ros2_moveit_franka/lib'
[1.854s] Level 1:colcon.colcon_core.environment:checking '/home/labelbox/projects/moveit/lbx-Franka-Teach/ros2_moveit_franka/install/ros2_moveit_franka/bin'
[1.854s] Level 1:colcon.colcon_core.shell:create_environment_hook('ros2_moveit_franka', 'path')
[1.854s] INFO:colcon.colcon_core.shell:Creating environment hook '/home/labelbox/projects/moveit/lbx-Franka-Teach/ros2_moveit_franka/install/ros2_moveit_franka/share/ros2_moveit_franka/hook/path.ps1'
[1.855s] INFO:colcon.colcon_core.shell:Creating environment descriptor '/home/labelbox/projects/moveit/lbx-Franka-Teach/ros2_moveit_franka/install/ros2_moveit_franka/share/ros2_moveit_franka/hook/path.dsv'
[1.855s] INFO:colcon.colcon_core.shell:Creating environment hook '/home/labelbox/projects/moveit/lbx-Franka-Teach/ros2_moveit_franka/install/ros2_moveit_franka/share/ros2_moveit_franka/hook/path.sh'
[1.856s] Level 1:colcon.colcon_core.environment:checking '/home/labelbox/projects/moveit/lbx-Franka-Teach/ros2_moveit_franka/install/ros2_moveit_franka/lib/pkgconfig/ros2_moveit_franka.pc'
[1.856s] Level 1:colcon.colcon_core.environment:checking '/home/labelbox/projects/moveit/lbx-Franka-Teach/ros2_moveit_franka/install/ros2_moveit_franka/lib/python3.10/site-packages'
[1.856s] Level 1:colcon.colcon_core.shell:create_environment_hook('ros2_moveit_franka', 'pythonpath')
[1.856s] INFO:colcon.colcon_core.shell:Creating environment hook '/home/labelbox/projects/moveit/lbx-Franka-Teach/ros2_moveit_franka/install/ros2_moveit_franka/share/ros2_moveit_franka/hook/pythonpath.ps1'
[1.857s] INFO:colcon.colcon_core.shell:Creating environment descriptor '/home/labelbox/projects/moveit/lbx-Franka-Teach/ros2_moveit_franka/install/ros2_moveit_franka/share/ros2_moveit_franka/hook/pythonpath.dsv'
[1.857s] INFO:colcon.colcon_core.shell:Creating environment hook '/home/labelbox/projects/moveit/lbx-Franka-Teach/ros2_moveit_franka/install/ros2_moveit_franka/share/ros2_moveit_franka/hook/pythonpath.sh'
[1.857s] Level 1:colcon.colcon_core.environment:checking '/home/labelbox/projects/moveit/lbx-Franka-Teach/ros2_moveit_franka/install/ros2_moveit_franka/bin'
[1.857s] Level 1:colcon.colcon_core.shell:create_environment_hook('ros2_moveit_franka', 'pythonscriptspath')
[1.858s] INFO:colcon.colcon_core.shell:Creating environment hook '/home/labelbox/projects/moveit/lbx-Franka-Teach/ros2_moveit_franka/install/ros2_moveit_franka/share/ros2_moveit_franka/hook/pythonscriptspath.ps1'
[1.858s] INFO:colcon.colcon_core.shell:Creating environment descriptor '/home/labelbox/projects/moveit/lbx-Franka-Teach/ros2_moveit_franka/install/ros2_moveit_franka/share/ros2_moveit_franka/hook/pythonscriptspath.dsv'
[1.858s] INFO:colcon.colcon_core.shell:Creating environment hook '/home/labelbox/projects/moveit/lbx-Franka-Teach/ros2_moveit_franka/install/ros2_moveit_franka/share/ros2_moveit_franka/hook/pythonscriptspath.sh'
[1.859s] Level 1:colcon.colcon_core.environment:create_environment_scripts_only(ros2_moveit_franka)
[1.859s] INFO:colcon.colcon_core.shell:Creating package script '/home/labelbox/projects/moveit/lbx-Franka-Teach/ros2_moveit_franka/install/ros2_moveit_franka/share/ros2_moveit_franka/package.ps1'
[1.860s] INFO:colcon.colcon_core.shell:Creating package descriptor '/home/labelbox/projects/moveit/lbx-Franka-Teach/ros2_moveit_franka/install/ros2_moveit_franka/share/ros2_moveit_franka/package.dsv'
[1.860s] INFO:colcon.colcon_core.shell:Creating package script '/home/labelbox/projects/moveit/lbx-Franka-Teach/ros2_moveit_franka/install/ros2_moveit_franka/share/ros2_moveit_franka/package.sh'
[1.861s] INFO:colcon.colcon_core.shell:Creating package script '/home/labelbox/projects/moveit/lbx-Franka-Teach/ros2_moveit_franka/install/ros2_moveit_franka/share/ros2_moveit_franka/package.bash'
[1.862s] INFO:colcon.colcon_core.shell:Creating package script '/home/labelbox/projects/moveit/lbx-Franka-Teach/ros2_moveit_franka/install/ros2_moveit_franka/share/ros2_moveit_franka/package.zsh'
[1.862s] Level 1:colcon.colcon_core.environment:create_file_with_runtime_dependencies(/home/labelbox/projects/moveit/lbx-Franka-Teach/ros2_moveit_franka/install/ros2_moveit_franka/share/colcon-core/packages/ros2_moveit_franka)
[1.863s] DEBUG:colcon.colcon_parallel_executor.executor.parallel:closing loop
[1.863s] DEBUG:colcon.colcon_parallel_executor.executor.parallel:loop closed
[1.863s] DEBUG:colcon.colcon_parallel_executor.executor.parallel:run_until_complete finished with '0'
[1.863s] DEBUG:colcon.colcon_core.event_reactor:joining thread
[1.872s] INFO:colcon.colcon_core.plugin_system:Skipping extension 'colcon_notification.desktop_notification.terminal_notifier': Not used on non-Darwin systems
[1.873s] INFO:colcon.colcon_core.plugin_system:Skipping extension 'colcon_notification.desktop_notification.win32': Not used on non-Windows systems
[1.873s] INFO:colcon.colcon_notification.desktop_notification:Sending desktop notification using 'notify2'
[1.897s] DEBUG:colcon.colcon_core.event_reactor:joined thread
[1.898s] INFO:colcon.colcon_core.shell:Creating prefix script '/home/labelbox/projects/moveit/lbx-Franka-Teach/ros2_moveit_franka/install/local_setup.ps1'
[1.899s] INFO:colcon.colcon_core.shell:Creating prefix util module '/home/labelbox/projects/moveit/lbx-Franka-Teach/ros2_moveit_franka/install/_local_setup_util_ps1.py'
[1.901s] INFO:colcon.colcon_core.shell:Creating prefix chain script '/home/labelbox/projects/moveit/lbx-Franka-Teach/ros2_moveit_franka/install/setup.ps1'
[1.903s] INFO:colcon.colcon_core.shell:Creating prefix script '/home/labelbox/projects/moveit/lbx-Franka-Teach/ros2_moveit_franka/install/local_setup.sh'
[1.903s] INFO:colcon.colcon_core.shell:Creating prefix util module '/home/labelbox/projects/moveit/lbx-Franka-Teach/ros2_moveit_franka/install/_local_setup_util_sh.py'
[1.903s] INFO:colcon.colcon_core.shell:Creating prefix chain script '/home/labelbox/projects/moveit/lbx-Franka-Teach/ros2_moveit_franka/install/setup.sh'
[1.905s] INFO:colcon.colcon_core.shell:Creating prefix script '/home/labelbox/projects/moveit/lbx-Franka-Teach/ros2_moveit_franka/install/local_setup.bash'
[1.905s] INFO:colcon.colcon_core.shell:Creating prefix chain script '/home/labelbox/projects/moveit/lbx-Franka-Teach/ros2_moveit_franka/install/setup.bash'
[1.907s] INFO:colcon.colcon_core.shell:Creating prefix script '/home/labelbox/projects/moveit/lbx-Franka-Teach/ros2_moveit_franka/install/local_setup.zsh'
[1.907s] INFO:colcon.colcon_core.shell:Creating prefix chain script '/home/labelbox/projects/moveit/lbx-Franka-Teach/ros2_moveit_franka/install/setup.zsh'
