running egg_info
writing build/ros2_moveit_franka/ros2_moveit_franka.egg-info/PKG-INFO
writing dependency_links to build/ros2_moveit_franka/ros2_moveit_franka.egg-info/dependency_links.txt
writing entry points to build/ros2_moveit_franka/ros2_moveit_franka.egg-info/entry_points.txt
writing requirements to build/ros2_moveit_franka/ros2_moveit_franka.egg-info/requires.txt
writing top-level names to build/ros2_moveit_franka/ros2_moveit_franka.egg-info/top_level.txt
reading manifest file 'build/ros2_moveit_franka/ros2_moveit_franka.egg-info/SOURCES.txt'
writing manifest file 'build/ros2_moveit_franka/ros2_moveit_franka.egg-info/SOURCES.txt'
running build
running build_py
copying ros2_moveit_franka/vr_benchmark_simple.py -> /home/labelbox/projects/moveit/lbx-Franka-Teach/ros2_moveit_franka/build/ros2_moveit_franka/build/lib/ros2_moveit_franka
copying ros2_moveit_franka/simple_arm_control.py -> /home/labelbox/projects/moveit/lbx-Franka-Teach/ros2_moveit_franka/build/ros2_moveit_franka/build/lib/ros2_moveit_franka
running install
running install_lib
copying /home/labelbox/projects/moveit/lbx-Franka-Teach/ros2_moveit_franka/build/ros2_moveit_franka/build/lib/ros2_moveit_franka/vr_benchmark_simple.py -> /home/labelbox/projects/moveit/lbx-Franka-Teach/ros2_moveit_franka/install/ros2_moveit_franka/lib/python3.10/site-packages/ros2_moveit_franka
copying /home/labelbox/projects/moveit/lbx-Franka-Teach/ros2_moveit_franka/build/ros2_moveit_franka/build/lib/ros2_moveit_franka/simple_arm_control.py -> /home/labelbox/projects/moveit/lbx-Franka-Teach/ros2_moveit_franka/install/ros2_moveit_franka/lib/python3.10/site-packages/ros2_moveit_franka
byte-compiling /home/labelbox/projects/moveit/lbx-Franka-Teach/ros2_moveit_franka/install/ros2_moveit_franka/lib/python3.10/site-packages/ros2_moveit_franka/vr_benchmark_simple.py to vr_benchmark_simple.cpython-310.pyc
byte-compiling /home/labelbox/projects/moveit/lbx-Franka-Teach/ros2_moveit_franka/install/ros2_moveit_franka/lib/python3.10/site-packages/ros2_moveit_franka/simple_arm_control.py to simple_arm_control.cpython-310.pyc
running install_data
running install_egg_info
removing '/home/labelbox/projects/moveit/lbx-Franka-Teach/ros2_moveit_franka/install/ros2_moveit_franka/lib/python3.10/site-packages/ros2_moveit_franka-0.0.1-py3.10.egg-info' (and everything under it)
Copying build/ros2_moveit_franka/ros2_moveit_franka.egg-info to /home/labelbox/projects/moveit/lbx-Franka-Teach/ros2_moveit_franka/install/ros2_moveit_franka/lib/python3.10/site-packages/ros2_moveit_franka-0.0.1-py3.10.egg-info
running install_scripts
Installing franka_moveit_control script to /home/labelbox/projects/moveit/lbx-Franka-Teach/ros2_moveit_franka/install/ros2_moveit_franka/bin
Installing simple_arm_control script to /home/labelbox/projects/moveit/lbx-Franka-Teach/ros2_moveit_franka/install/ros2_moveit_franka/bin
Installing vr_benchmark_simple script to /home/labelbox/projects/moveit/lbx-Franka-Teach/ros2_moveit_franka/install/ros2_moveit_franka/bin
writing list of installed files to '/home/labelbox/projects/moveit/lbx-Franka-Teach/ros2_moveit_franka/build/ros2_moveit_franka/install.log'
