[0.408s] Invoking command in '/home/labelbox/projects/moveit/lbx-Franka-Teach/ros2_moveit_franka': PYTHONPATH=/home/labelbox/projects/moveit/lbx-Franka-Teach/ros2_moveit_franka/build/ros2_moveit_franka/prefix_override:/usr/lib/python3/dist-packages/colcon_core/task/python/colcon_distutils_commands:/home/labelbox/projects/moveit/lbx-Franka-Teach/ros2_moveit_franka/install/ros2_moveit_franka/lib/python3.10/site-packages:${PYTHONPATH} /usr/bin/python3 -W ignore:setup.py install is deprecated -W ignore:easy_install command is deprecated setup.py egg_info --egg-base build/ros2_moveit_franka build --build-base /home/labelbox/projects/moveit/lbx-Franka-Teach/ros2_moveit_franka/build/ros2_moveit_franka/build install --record /home/labelbox/projects/moveit/lbx-Franka-Teach/ros2_moveit_franka/build/ros2_moveit_franka/install.log --single-version-externally-managed install_data
[0.566s] running egg_info
[0.566s] writing build/ros2_moveit_franka/ros2_moveit_franka.egg-info/PKG-INFO
[0.566s] writing dependency_links to build/ros2_moveit_franka/ros2_moveit_franka.egg-info/dependency_links.txt
[0.566s] writing entry points to build/ros2_moveit_franka/ros2_moveit_franka.egg-info/entry_points.txt
[0.567s] writing requirements to build/ros2_moveit_franka/ros2_moveit_franka.egg-info/requires.txt
[0.567s] writing top-level names to build/ros2_moveit_franka/ros2_moveit_franka.egg-info/top_level.txt
[0.568s] reading manifest file 'build/ros2_moveit_franka/ros2_moveit_franka.egg-info/SOURCES.txt'
[0.568s] writing manifest file 'build/ros2_moveit_franka/ros2_moveit_franka.egg-info/SOURCES.txt'
[0.568s] running build
[0.568s] running build_py
[0.568s] copying ros2_moveit_franka/vr_benchmark_simple.py -> /home/labelbox/projects/moveit/lbx-Franka-Teach/ros2_moveit_franka/build/ros2_moveit_franka/build/lib/ros2_moveit_franka
[0.568s] copying ros2_moveit_franka/simple_arm_control.py -> /home/labelbox/projects/moveit/lbx-Franka-Teach/ros2_moveit_franka/build/ros2_moveit_franka/build/lib/ros2_moveit_franka
[0.569s] running install
[0.569s] running install_lib
[0.569s] copying /home/labelbox/projects/moveit/lbx-Franka-Teach/ros2_moveit_franka/build/ros2_moveit_franka/build/lib/ros2_moveit_franka/vr_benchmark_simple.py -> /home/labelbox/projects/moveit/lbx-Franka-Teach/ros2_moveit_franka/install/ros2_moveit_franka/lib/python3.10/site-packages/ros2_moveit_franka
[0.569s] copying /home/labelbox/projects/moveit/lbx-Franka-Teach/ros2_moveit_franka/build/ros2_moveit_franka/build/lib/ros2_moveit_franka/simple_arm_control.py -> /home/labelbox/projects/moveit/lbx-Franka-Teach/ros2_moveit_franka/install/ros2_moveit_franka/lib/python3.10/site-packages/ros2_moveit_franka
[0.570s] byte-compiling /home/labelbox/projects/moveit/lbx-Franka-Teach/ros2_moveit_franka/install/ros2_moveit_franka/lib/python3.10/site-packages/ros2_moveit_franka/vr_benchmark_simple.py to vr_benchmark_simple.cpython-310.pyc
[0.571s] byte-compiling /home/labelbox/projects/moveit/lbx-Franka-Teach/ros2_moveit_franka/install/ros2_moveit_franka/lib/python3.10/site-packages/ros2_moveit_franka/simple_arm_control.py to simple_arm_control.cpython-310.pyc
[0.574s] Sorry: IndentationError: unexpected indent (simple_arm_control.py, line 547)
[0.574s] running install_data
[0.574s] running install_egg_info
[0.575s] removing '/home/labelbox/projects/moveit/lbx-Franka-Teach/ros2_moveit_franka/install/ros2_moveit_franka/lib/python3.10/site-packages/ros2_moveit_franka-0.0.1-py3.10.egg-info' (and everything under it)
[0.576s] Copying build/ros2_moveit_franka/ros2_moveit_franka.egg-info to /home/labelbox/projects/moveit/lbx-Franka-Teach/ros2_moveit_franka/install/ros2_moveit_franka/lib/python3.10/site-packages/ros2_moveit_franka-0.0.1-py3.10.egg-info
[0.576s] running install_scripts
[0.590s] Installing franka_moveit_control script to /home/labelbox/projects/moveit/lbx-Franka-Teach/ros2_moveit_franka/install/ros2_moveit_franka/bin
[0.590s] Installing simple_arm_control script to /home/labelbox/projects/moveit/lbx-Franka-Teach/ros2_moveit_franka/install/ros2_moveit_franka/bin
[0.590s] Installing vr_benchmark_simple script to /home/labelbox/projects/moveit/lbx-Franka-Teach/ros2_moveit_franka/install/ros2_moveit_franka/bin
[0.590s] writing list of installed files to '/home/labelbox/projects/moveit/lbx-Franka-Teach/ros2_moveit_franka/build/ros2_moveit_franka/install.log'
[0.611s] Invoked command in '/home/labelbox/projects/moveit/lbx-Franka-Teach/ros2_moveit_franka' returned '0': PYTHONPATH=/home/labelbox/projects/moveit/lbx-Franka-Teach/ros2_moveit_franka/build/ros2_moveit_franka/prefix_override:/usr/lib/python3/dist-packages/colcon_core/task/python/colcon_distutils_commands:/home/labelbox/projects/moveit/lbx-Franka-Teach/ros2_moveit_franka/install/ros2_moveit_franka/lib/python3.10/site-packages:${PYTHONPATH} /usr/bin/python3 -W ignore:setup.py install is deprecated -W ignore:easy_install command is deprecated setup.py egg_info --egg-base build/ros2_moveit_franka build --build-base /home/labelbox/projects/moveit/lbx-Franka-Teach/ros2_moveit_franka/build/ros2_moveit_franka/build install --record /home/labelbox/projects/moveit/lbx-Franka-Teach/ros2_moveit_franka/build/ros2_moveit_franka/install.log --single-version-externally-managed install_data
