[0.444s] Invoking command in '/home/labelbox/projects/moveit/lbx-Franka-Teach/ros2_moveit_franka': PYTHONPATH=/home/labelbox/projects/moveit/lbx-Franka-Teach/ros2_moveit_franka/build/ros2_moveit_franka/prefix_override:/usr/lib/python3/dist-packages/colcon_core/task/python/colcon_distutils_commands:/home/labelbox/projects/moveit/lbx-Franka-Teach/ros2_moveit_franka/install/ros2_moveit_franka/lib/python3.10/site-packages:${PYTHONPATH} /usr/bin/python3 -W ignore:setup.py install is deprecated -W ignore:easy_install command is deprecated setup.py egg_info --egg-base build/ros2_moveit_franka build --build-base /home/labelbox/projects/moveit/lbx-Franka-Teach/ros2_moveit_franka/build/ros2_moveit_franka/build install --record /home/labelbox/projects/moveit/lbx-Franka-Teach/ros2_moveit_franka/build/ros2_moveit_franka/install.log --single-version-externally-managed install_data
[0.607s] running egg_info
[0.607s] creating build/ros2_moveit_franka/ros2_moveit_franka.egg-info
[0.608s] writing build/ros2_moveit_franka/ros2_moveit_franka.egg-info/PKG-INFO
[0.608s] writing dependency_links to build/ros2_moveit_franka/ros2_moveit_franka.egg-info/dependency_links.txt
[0.608s] writing entry points to build/ros2_moveit_franka/ros2_moveit_franka.egg-info/entry_points.txt
[0.608s] writing requirements to build/ros2_moveit_franka/ros2_moveit_franka.egg-info/requires.txt
[0.608s] writing top-level names to build/ros2_moveit_franka/ros2_moveit_franka.egg-info/top_level.txt
[0.608s] writing manifest file 'build/ros2_moveit_franka/ros2_moveit_franka.egg-info/SOURCES.txt'
[0.609s] reading manifest file 'build/ros2_moveit_franka/ros2_moveit_franka.egg-info/SOURCES.txt'
[0.610s] writing manifest file 'build/ros2_moveit_franka/ros2_moveit_franka.egg-info/SOURCES.txt'
[0.610s] running build
[0.610s] running build_py
[0.610s] creating /home/labelbox/projects/moveit/lbx-Franka-Teach/ros2_moveit_franka/build/ros2_moveit_franka/build
[0.610s] creating /home/labelbox/projects/moveit/lbx-Franka-Teach/ros2_moveit_franka/build/ros2_moveit_franka/build/lib
[0.610s] creating /home/labelbox/projects/moveit/lbx-Franka-Teach/ros2_moveit_franka/build/ros2_moveit_franka/build/lib/ros2_moveit_franka
[0.610s] copying ros2_moveit_franka/__init__.py -> /home/labelbox/projects/moveit/lbx-Franka-Teach/ros2_moveit_franka/build/ros2_moveit_franka/build/lib/ros2_moveit_franka
[0.610s] copying ros2_moveit_franka/robust_franka_control.py -> /home/labelbox/projects/moveit/lbx-Franka-Teach/ros2_moveit_franka/build/ros2_moveit_franka/build/lib/ros2_moveit_franka
[0.610s] copying ros2_moveit_franka/system_health_monitor.py -> /home/labelbox/projects/moveit/lbx-Franka-Teach/ros2_moveit_franka/build/ros2_moveit_franka/build/lib/ros2_moveit_franka
[0.610s] running install
[0.610s] running install_lib
[0.611s] creating /home/labelbox/projects/moveit/lbx-Franka-Teach/ros2_moveit_franka/install/ros2_moveit_franka/lib/python3.10/site-packages/ros2_moveit_franka
[0.611s] copying /home/labelbox/projects/moveit/lbx-Franka-Teach/ros2_moveit_franka/build/ros2_moveit_franka/build/lib/ros2_moveit_franka/__init__.py -> /home/labelbox/projects/moveit/lbx-Franka-Teach/ros2_moveit_franka/install/ros2_moveit_franka/lib/python3.10/site-packages/ros2_moveit_franka
[0.611s] copying /home/labelbox/projects/moveit/lbx-Franka-Teach/ros2_moveit_franka/build/ros2_moveit_franka/build/lib/ros2_moveit_franka/robust_franka_control.py -> /home/labelbox/projects/moveit/lbx-Franka-Teach/ros2_moveit_franka/install/ros2_moveit_franka/lib/python3.10/site-packages/ros2_moveit_franka
[0.611s] copying /home/labelbox/projects/moveit/lbx-Franka-Teach/ros2_moveit_franka/build/ros2_moveit_franka/build/lib/ros2_moveit_franka/system_health_monitor.py -> /home/labelbox/projects/moveit/lbx-Franka-Teach/ros2_moveit_franka/install/ros2_moveit_franka/lib/python3.10/site-packages/ros2_moveit_franka
[0.611s] byte-compiling /home/labelbox/projects/moveit/lbx-Franka-Teach/ros2_moveit_franka/install/ros2_moveit_franka/lib/python3.10/site-packages/ros2_moveit_franka/__init__.py to __init__.cpython-310.pyc
[0.611s] byte-compiling /home/labelbox/projects/moveit/lbx-Franka-Teach/ros2_moveit_franka/install/ros2_moveit_franka/lib/python3.10/site-packages/ros2_moveit_franka/robust_franka_control.py to robust_franka_control.cpython-310.pyc
[0.613s] byte-compiling /home/labelbox/projects/moveit/lbx-Franka-Teach/ros2_moveit_franka/install/ros2_moveit_franka/lib/python3.10/site-packages/ros2_moveit_franka/system_health_monitor.py to system_health_monitor.cpython-310.pyc
[0.614s] running install_data
[0.614s] creating /home/labelbox/projects/moveit/lbx-Franka-Teach/ros2_moveit_franka/install/ros2_moveit_franka/share/ament_index
[0.615s] creating /home/labelbox/projects/moveit/lbx-Franka-Teach/ros2_moveit_franka/install/ros2_moveit_franka/share/ament_index/resource_index
[0.615s] creating /home/labelbox/projects/moveit/lbx-Franka-Teach/ros2_moveit_franka/install/ros2_moveit_franka/share/ament_index/resource_index/packages
[0.615s] copying resource/ros2_moveit_franka -> /home/labelbox/projects/moveit/lbx-Franka-Teach/ros2_moveit_franka/install/ros2_moveit_franka/share/ament_index/resource_index/packages
[0.615s] copying package.xml -> /home/labelbox/projects/moveit/lbx-Franka-Teach/ros2_moveit_franka/install/ros2_moveit_franka/share/ros2_moveit_franka
[0.615s] creating /home/labelbox/projects/moveit/lbx-Franka-Teach/ros2_moveit_franka/install/ros2_moveit_franka/share/ros2_moveit_franka/launch
[0.615s] copying launch/franka_demo.launch.py -> /home/labelbox/projects/moveit/lbx-Franka-Teach/ros2_moveit_franka/install/ros2_moveit_franka/share/ros2_moveit_franka/launch
[0.615s] copying launch/franka_robust_production.launch.py -> /home/labelbox/projects/moveit/lbx-Franka-Teach/ros2_moveit_franka/install/ros2_moveit_franka/share/ros2_moveit_franka/launch
[0.615s] creating /home/labelbox/projects/moveit/lbx-Franka-Teach/ros2_moveit_franka/install/ros2_moveit_franka/share/ros2_moveit_franka/config
[0.615s] running install_egg_info
[0.616s] Copying build/ros2_moveit_franka/ros2_moveit_franka.egg-info to /home/labelbox/projects/moveit/lbx-Franka-Teach/ros2_moveit_franka/install/ros2_moveit_franka/lib/python3.10/site-packages/ros2_moveit_franka-0.0.1-py3.10.egg-info
[0.616s] running install_scripts
[0.629s] Installing robust_franka_control script to /home/labelbox/projects/moveit/lbx-Franka-Teach/ros2_moveit_franka/install/ros2_moveit_franka/bin
[0.629s] Installing system_health_monitor script to /home/labelbox/projects/moveit/lbx-Franka-Teach/ros2_moveit_franka/install/ros2_moveit_franka/bin
[0.630s] writing list of installed files to '/home/labelbox/projects/moveit/lbx-Franka-Teach/ros2_moveit_franka/build/ros2_moveit_franka/install.log'
[0.652s] Invoked command in '/home/labelbox/projects/moveit/lbx-Franka-Teach/ros2_moveit_franka' returned '0': PYTHONPATH=/home/labelbox/projects/moveit/lbx-Franka-Teach/ros2_moveit_franka/build/ros2_moveit_franka/prefix_override:/usr/lib/python3/dist-packages/colcon_core/task/python/colcon_distutils_commands:/home/labelbox/projects/moveit/lbx-Franka-Teach/ros2_moveit_franka/install/ros2_moveit_franka/lib/python3.10/site-packages:${PYTHONPATH} /usr/bin/python3 -W ignore:setup.py install is deprecated -W ignore:easy_install command is deprecated setup.py egg_info --egg-base build/ros2_moveit_franka build --build-base /home/labelbox/projects/moveit/lbx-Franka-Teach/ros2_moveit_franka/build/ros2_moveit_franka/build install --record /home/labelbox/projects/moveit/lbx-Franka-Teach/ros2_moveit_franka/build/ros2_moveit_franka/install.log --single-version-externally-managed install_data
