[0.401s] Invoking command in '/home/labelbox/projects/moveit/lbx-Franka-Teach/ros2_moveit_franka/build/ros2_moveit_franka': PYTHONPATH=/home/labelbox/projects/moveit/lbx-Franka-Teach/ros2_moveit_franka/build/ros2_moveit_franka/prefix_override:/usr/lib/python3/dist-packages/colcon_core/task/python/colcon_distutils_commands:/home/labelbox/projects/moveit/lbx-Franka-Teach/ros2_moveit_franka/install/ros2_moveit_franka/lib/python3.10/site-packages:${PYTHONPATH} /usr/bin/python3 -W ignore:setup.py install is deprecated -W ignore:easy_install command is deprecated setup.py develop --editable --build-directory /home/labelbox/projects/moveit/lbx-Franka-Teach/ros2_moveit_franka/build/ros2_moveit_franka/build --no-deps symlink_data --force
[0.573s] running develop
[0.616s] /usr/lib/python3/dist-packages/pkg_resources/__init__.py:116: PkgResourcesDeprecationWarning: 2.22.1ubuntu1 is an invalid version and will not be supported in a future release
[0.616s]   warnings.warn(
[0.694s] running egg_info
[0.694s] writing ros2_moveit_franka.egg-info/PKG-INFO
[0.694s] writing dependency_links to ros2_moveit_franka.egg-info/dependency_links.txt
[0.694s] writing entry points to ros2_moveit_franka.egg-info/entry_points.txt
[0.694s] writing requirements to ros2_moveit_franka.egg-info/requires.txt
[0.694s] writing top-level names to ros2_moveit_franka.egg-info/top_level.txt
[0.694s] reading manifest file 'ros2_moveit_franka.egg-info/SOURCES.txt'
[0.695s] writing manifest file 'ros2_moveit_franka.egg-info/SOURCES.txt'
[0.696s] running build_ext
[0.696s] Creating /home/labelbox/projects/moveit/lbx-Franka-Teach/ros2_moveit_franka/install/ros2_moveit_franka/lib/python3.10/site-packages/ros2-moveit-franka.egg-link (link to .)
[0.696s] Installing franka_moveit_control script to /home/labelbox/projects/moveit/lbx-Franka-Teach/ros2_moveit_franka/install/ros2_moveit_franka/bin
[0.696s] Installing simple_arm_control script to /home/labelbox/projects/moveit/lbx-Franka-Teach/ros2_moveit_franka/install/ros2_moveit_franka/bin
[0.697s] 
[0.697s] Installed /home/labelbox/projects/moveit/lbx-Franka-Teach/ros2_moveit_franka/build/ros2_moveit_franka
[0.697s] running symlink_data
[0.697s] symbolically linking /home/labelbox/projects/moveit/lbx-Franka-Teach/ros2_moveit_franka/build/ros2_moveit_franka/resource/ros2_moveit_franka -> /home/labelbox/projects/moveit/lbx-Franka-Teach/ros2_moveit_franka/install/ros2_moveit_franka/share/ament_index/resource_index/packages
[0.697s] symbolically linking /home/labelbox/projects/moveit/lbx-Franka-Teach/ros2_moveit_franka/build/ros2_moveit_franka/package.xml -> /home/labelbox/projects/moveit/lbx-Franka-Teach/ros2_moveit_franka/install/ros2_moveit_franka/share/ros2_moveit_franka
[0.697s] symbolically linking /home/labelbox/projects/moveit/lbx-Franka-Teach/ros2_moveit_franka/build/ros2_moveit_franka/launch/franka_demo.launch.py -> /home/labelbox/projects/moveit/lbx-Franka-Teach/ros2_moveit_franka/install/ros2_moveit_franka/share/ros2_moveit_franka/launch
[0.713s] Invoked command in '/home/labelbox/projects/moveit/lbx-Franka-Teach/ros2_moveit_franka/build/ros2_moveit_franka' returned '0': PYTHONPATH=/home/labelbox/projects/moveit/lbx-Franka-Teach/ros2_moveit_franka/build/ros2_moveit_franka/prefix_override:/usr/lib/python3/dist-packages/colcon_core/task/python/colcon_distutils_commands:/home/labelbox/projects/moveit/lbx-Franka-Teach/ros2_moveit_franka/install/ros2_moveit_franka/lib/python3.10/site-packages:${PYTHONPATH} /usr/bin/python3 -W ignore:setup.py install is deprecated -W ignore:easy_install command is deprecated setup.py develop --editable --build-directory /home/labelbox/projects/moveit/lbx-Franka-Teach/ros2_moveit_franka/build/ros2_moveit_franka/build --no-deps symlink_data --force
