[0.420s] Invoking command in '/home/labelbox/projects/moveit/lbx-Franka-Teach/ros2_moveit_franka/build/ros2_moveit_franka': PYTHONPATH=/home/labelbox/projects/moveit/lbx-Franka-Teach/ros2_moveit_franka/build/ros2_moveit_franka/prefix_override:/usr/lib/python3/dist-packages/colcon_core/task/python/colcon_distutils_commands:/home/labelbox/projects/moveit/lbx-Franka-Teach/ros2_moveit_franka/install/ros2_moveit_franka/lib/python3.10/site-packages:${PYTHONPATH} /usr/bin/python3 -W ignore:setup.py install is deprecated -W ignore:easy_install command is deprecated setup.py develop --editable --build-directory /home/labelbox/projects/moveit/lbx-Franka-Teach/ros2_moveit_franka/build/ros2_moveit_franka/build --no-deps symlink_data
[0.589s] running develop
[0.632s] /usr/lib/python3/dist-packages/pkg_resources/__init__.py:116: PkgResourcesDeprecationWarning: 2.22.1ubuntu1 is an invalid version and will not be supported in a future release
[0.632s]   warnings.warn(
[0.713s] running egg_info
[0.714s] writing ros2_moveit_franka.egg-info/PKG-INFO
[0.714s] writing dependency_links to ros2_moveit_franka.egg-info/dependency_links.txt
[0.714s] writing entry points to ros2_moveit_franka.egg-info/entry_points.txt
[0.714s] writing requirements to ros2_moveit_franka.egg-info/requires.txt
[0.714s] writing top-level names to ros2_moveit_franka.egg-info/top_level.txt
[0.715s] reading manifest file 'ros2_moveit_franka.egg-info/SOURCES.txt'
[0.716s] writing manifest file 'ros2_moveit_franka.egg-info/SOURCES.txt'
[0.716s] running build_ext
[0.716s] Creating /home/labelbox/projects/moveit/lbx-Franka-Teach/ros2_moveit_franka/install/ros2_moveit_franka/lib/python3.10/site-packages/ros2-moveit-franka.egg-link (link to .)
[0.717s] Installing franka_moveit_control script to /home/labelbox/projects/moveit/lbx-Franka-Teach/ros2_moveit_franka/install/ros2_moveit_franka/bin
[0.717s] Installing simple_arm_control script to /home/labelbox/projects/moveit/lbx-Franka-Teach/ros2_moveit_franka/install/ros2_moveit_franka/bin
[0.717s] 
[0.717s] Installed /home/labelbox/projects/moveit/lbx-Franka-Teach/ros2_moveit_franka/build/ros2_moveit_franka
[0.717s] running symlink_data
[0.738s] Invoked command in '/home/labelbox/projects/moveit/lbx-Franka-Teach/ros2_moveit_franka/build/ros2_moveit_franka' returned '0': PYTHONPATH=/home/labelbox/projects/moveit/lbx-Franka-Teach/ros2_moveit_franka/build/ros2_moveit_franka/prefix_override:/usr/lib/python3/dist-packages/colcon_core/task/python/colcon_distutils_commands:/home/labelbox/projects/moveit/lbx-Franka-Teach/ros2_moveit_franka/install/ros2_moveit_franka/lib/python3.10/site-packages:${PYTHONPATH} /usr/bin/python3 -W ignore:setup.py install is deprecated -W ignore:easy_install command is deprecated setup.py develop --editable --build-directory /home/labelbox/projects/moveit/lbx-Franka-Teach/ros2_moveit_franka/build/ros2_moveit_franka/build --no-deps symlink_data
